
2016-09-01 08:25:26-0000 [-] LockHandler on wolfzk(player 1): access type 'examine' changed from 'examine:perm(Wizards)' to 'examine:perm(Wizards)' 
LockHandler on wolfzk(player 1): access type 'edit' changed from 'edit:perm(Wizards)' to 'edit:perm(Wizards)' 
LockHandler on wolfzk(player 1): access type 'delete' changed from 'delete:perm(Wizards)' to 'delete:perm(Wizards)' 
LockHandler on wolfzk(player 1): access type 'boot' changed from 'boot:perm(Wizards)' to 'boot:perm(Wizards)' 
LockHandler on wolfzk(player 1): access type 'msg' changed from 'msg:all()' to 'msg:all()'
2016-09-01 08:25:26-0000 [-] LockHandler on wolfzk(player 1): access type 'examine' changed from 'examine:perm(Wizards)' to 'examine:perm(Immortals)' 
LockHandler on wolfzk(player 1): access type 'edit' changed from 'edit:perm(Wizards)' to 'edit:false()' 
LockHandler on wolfzk(player 1): access type 'delete' changed from 'delete:perm(Wizards)' to 'delete:false()' 
LockHandler on wolfzk(player 1): access type 'boot' changed from 'boot:perm(Wizards)' to 'boot:false()' 
LockHandler on wolfzk(player 1): access type 'msg' changed from 'msg:all()' to 'msg:all()'
2016-09-01 08:25:26-0000 [-] LockHandler on wolfzk: access type 'get' changed from 'get:all()' to 'get:false()' 
LockHandler on wolfzk: access type 'call' changed from 'call:true()' to 'call:false()'
2016-09-01 08:25:26-0000 [-] LockHandler on wolfzk: access type 'examine' changed from 'examine:perm(Builders)' to 'examine:perm(Immortals)' 
LockHandler on wolfzk: access type 'edit' changed from 'edit:perm(Wizards)' to 'edit:false()' 
LockHandler on wolfzk: access type 'delete' changed from 'delete:perm(Wizards)' to 'delete:false()' 
LockHandler on wolfzk: access type 'puppet' changed from 'puppet:pperm(Immortals)' to 'puppet:false()'
2016-09-01 08:25:26-0000 [-] LockHandler on Limbo: access type 'get' changed from 'get:all()' to 'get:false()' 
LockHandler on Limbo: access type 'puppet' changed from 'puppet:pperm(Immortals)' to 'puppet:false()'
2016-09-01 15:33:38-0000 [-] LockHandler on Cliff by the coast: access type 'get' changed from 'get:all()' to 'get:false()' 
LockHandler on Cliff by the coast: access type 'puppet' changed from 'puppet:pperm(Immortals)' to 'puppet:false()'
2016-09-01 15:33:38-0000 [-] LockHandler on Cliff by the coast: access type 'control' changed from 'control:perm(Immortals)' to 'control:id(#1) or perm(Immortals)' 
LockHandler on Cliff by the coast: access type 'delete' changed from 'delete:perm(Wizards)' to ' delete:id(#1) or perm(Wizards)' 
LockHandler on Cliff by the coast: access type 'edit' changed from 'edit:perm(Wizards)' to ' edit:id(#1) or perm(Wizards)'
2016-09-01 15:33:38-0000 [-] LockHandler on begin adventure: access type 'puppet' changed from 'puppet:pperm(Immortals)' to 'puppet:false()' 
LockHandler on begin adventure: access type 'get' changed from 'get:all()' to 'get:false()'
2016-09-01 15:33:38-0000 [-] LockHandler on begin adventure: access type 'control' changed from 'control:perm(Immortals)' to 'control:id(#1) or perm(Immortals)' 
LockHandler on begin adventure: access type 'delete' changed from 'delete:perm(Wizards)' to ' delete:id(#1) or perm(Wizards)' 
LockHandler on begin adventure: access type 'edit' changed from 'edit:perm(Wizards)' to ' edit:id(#1) or perm(Wizards)'
2016-09-01 15:34:55-0000 [-] LockHandler on Intro: access type 'get' changed from 'get:all()' to 'get:false()' 
LockHandler on Intro: access type 'puppet' changed from 'puppet:pperm(Immortals)' to 'puppet:false()'
2016-09-01 15:34:55-0000 [-] LockHandler on Intro: access type 'control' changed from 'control:perm(Immortals)' to 'control:id(#1) or perm(Immortals)' 
LockHandler on Intro: access type 'delete' changed from 'delete:perm(Wizards)' to ' delete:id(#1) or perm(Wizards)' 
LockHandler on Intro: access type 'edit' changed from 'edit:perm(Wizards)' to ' edit:id(#1) or perm(Wizards)'
2016-09-01 15:34:55-0000 [-] LockHandler on tutorial: access type 'puppet' changed from 'puppet:pperm(Immortals)' to 'puppet:false()' 
LockHandler on tutorial: access type 'get' changed from 'get:all()' to 'get:false()'
2016-09-01 15:34:55-0000 [-] LockHandler on Leaving Tutorial: access type 'get' changed from 'get:all()' to 'get:false()' 
LockHandler on Leaving Tutorial: access type 'puppet' changed from 'puppet:pperm(Immortals)' to 'puppet:false()'
2016-09-01 15:34:55-0000 [-] LockHandler on Leaving Tutorial: access type 'control' changed from 'control:perm(Immortals)' to 'control:id(#1) or perm(Immortals)' 
LockHandler on Leaving Tutorial: access type 'delete' changed from 'delete:perm(Wizards)' to ' delete:id(#1) or perm(Wizards)' 
LockHandler on Leaving Tutorial: access type 'edit' changed from 'edit:perm(Wizards)' to ' edit:id(#1) or perm(Wizards)'
2016-09-01 15:34:55-0000 [-] LockHandler on exit tutorial: access type 'puppet' changed from 'puppet:pperm(Immortals)' to 'puppet:false()' 
LockHandler on exit tutorial: access type 'get' changed from 'get:all()' to 'get:false()'
2016-09-01 15:34:55-0000 [-] LockHandler on exit tutorial: access type 'control' changed from 'control:perm(Immortals)' to 'control:id(#1) or perm(Immortals)' 
LockHandler on exit tutorial: access type 'delete' changed from 'delete:perm(Wizards)' to ' delete:id(#1) or perm(Wizards)' 
LockHandler on exit tutorial: access type 'edit' changed from 'edit:perm(Wizards)' to ' edit:id(#1) or perm(Wizards)'
2016-09-01 15:34:55-0000 [-] LockHandler on start again: access type 'puppet' changed from 'puppet:pperm(Immortals)' to 'puppet:false()' 
LockHandler on start again: access type 'get' changed from 'get:all()' to 'get:false()'
2016-09-01 15:34:55-0000 [-] LockHandler on start again: access type 'control' changed from 'control:perm(Immortals)' to 'control:id(#1) or perm(Immortals)' 
LockHandler on start again: access type 'delete' changed from 'delete:perm(Wizards)' to ' delete:id(#1) or perm(Wizards)' 
LockHandler on start again: access type 'edit' changed from 'edit:perm(Wizards)' to ' edit:id(#1) or perm(Wizards)'
2016-09-01 15:34:55-0000 [-] LockHandler on exit: access type 'puppet' changed from 'puppet:pperm(Immortals)' to 'puppet:false()' 
LockHandler on exit: access type 'get' changed from 'get:all()' to 'get:false()'
2016-09-01 15:34:55-0000 [-] LockHandler on Cliff by the coast: access type 'get' changed from 'get:all()' to 'get:false()' 
LockHandler on Cliff by the coast: access type 'puppet' changed from 'puppet:pperm(Immortals)' to 'puppet:false()'
2016-09-01 15:34:56-0000 [-] LockHandler on Cliff by the coast: access type 'control' changed from 'control:perm(Immortals)' to 'control:id(#1) or perm(Immortals)' 
LockHandler on Cliff by the coast: access type 'delete' changed from 'delete:perm(Wizards)' to ' delete:id(#1) or perm(Wizards)' 
LockHandler on Cliff by the coast: access type 'edit' changed from 'edit:perm(Wizards)' to ' edit:id(#1) or perm(Wizards)'
2016-09-01 15:34:56-0000 [-] LockHandler on begin adventure: access type 'puppet' changed from 'puppet:pperm(Immortals)' to 'puppet:false()' 
LockHandler on begin adventure: access type 'get' changed from 'get:all()' to 'get:false()'
2016-09-01 15:34:56-0000 [-] LockHandler on begin adventure: access type 'control' changed from 'control:perm(Immortals)' to 'control:id(#1) or perm(Immortals)' 
LockHandler on begin adventure: access type 'delete' changed from 'delete:perm(Wizards)' to ' delete:id(#1) or perm(Wizards)' 
LockHandler on begin adventure: access type 'edit' changed from 'edit:perm(Wizards)' to ' edit:id(#1) or perm(Wizards)'
2016-09-01 15:34:56-0000 [-] LockHandler on Old well: access type 'control' changed from 'control:perm(Immortals)' to 'control:id(1)' 
LockHandler on Old well: access type 'delete' changed from 'delete:perm(Wizards)' to 'delete:id(1) or perm(Wizards)'
2016-09-01 15:34:56-0000 [-] LockHandler on Old well: access type 'get' changed from 'get:all()' to 'get:false()'
2016-09-01 15:34:56-0000 [-] LockHandler on Wooden sign: access type 'control' changed from 'control:perm(Immortals)' to 'control:id(1)' 
LockHandler on Wooden sign: access type 'delete' changed from 'delete:perm(Wizards)' to 'delete:id(1) or perm(Wizards)'
2016-09-01 15:34:56-0000 [-] LockHandler on Wooden sign: access type 'get' changed from 'get:all()' to 'get:false()'
2016-09-01 15:34:56-0000 [-] LockHandler on gnarled old trees: access type 'control' changed from 'control:perm(Immortals)' to 'control:id(1)' 
LockHandler on gnarled old trees: access type 'delete' changed from 'delete:perm(Wizards)' to 'delete:id(1) or perm(Wizards)'
2016-09-01 15:34:56-0000 [-] LockHandler on gnarled old trees: access type 'get' changed from 'get:all()' to 'get:false()'
2016-09-01 15:34:56-0000 [-] LockHandler on Outside Evennia Inn: access type 'get' changed from 'get:all()' to 'get:false()' 
LockHandler on Outside Evennia Inn: access type 'puppet' changed from 'puppet:pperm(Immortals)' to 'puppet:false()'
2016-09-01 15:34:56-0000 [-] LockHandler on Outside Evennia Inn: access type 'control' changed from 'control:perm(Immortals)' to 'control:id(#1) or perm(Immortals)' 
LockHandler on Outside Evennia Inn: access type 'delete' changed from 'delete:perm(Wizards)' to ' delete:id(#1) or perm(Wizards)' 
LockHandler on Outside Evennia Inn: access type 'edit' changed from 'edit:perm(Wizards)' to ' edit:id(#1) or perm(Wizards)'
2016-09-01 15:34:56-0000 [-] LockHandler on northern path: access type 'puppet' changed from 'puppet:pperm(Immortals)' to 'puppet:false()' 
LockHandler on northern path: access type 'get' changed from 'get:all()' to 'get:false()'
2016-09-01 15:34:56-0000 [-] LockHandler on northern path: access type 'control' changed from 'control:perm(Immortals)' to 'control:id(#1) or perm(Immortals)' 
LockHandler on northern path: access type 'delete' changed from 'delete:perm(Wizards)' to ' delete:id(#1) or perm(Wizards)' 
LockHandler on northern path: access type 'edit' changed from 'edit:perm(Wizards)' to ' edit:id(#1) or perm(Wizards)'
2016-09-01 15:34:56-0000 [-] LockHandler on back to cliff: access type 'puppet' changed from 'puppet:pperm(Immortals)' to 'puppet:false()' 
LockHandler on back to cliff: access type 'get' changed from 'get:all()' to 'get:false()'
2016-09-01 15:34:56-0000 [-] LockHandler on back to cliff: access type 'control' changed from 'control:perm(Immortals)' to 'control:id(#1) or perm(Immortals)' 
LockHandler on back to cliff: access type 'delete' changed from 'delete:perm(Wizards)' to ' delete:id(#1) or perm(Wizards)' 
LockHandler on back to cliff: access type 'edit' changed from 'edit:perm(Wizards)' to ' edit:id(#1) or perm(Wizards)'
2016-09-01 15:34:56-0000 [-] LockHandler on northern path: access type 'view' changed from 'view:all()' to 'view:tag(tutorial_climbed_tree, tutorial_world) ' 
LockHandler on northern path: access type 'traverse' changed from 'traverse:all()' to ' traverse:tag(tutorial_climbed_tree, tutorial_world)'
2016-09-01 15:34:56-0000 [-] LockHandler on The Evennia Inn: access type 'get' changed from 'get:all()' to 'get:false()' 
LockHandler on The Evennia Inn: access type 'puppet' changed from 'puppet:pperm(Immortals)' to 'puppet:false()'
2016-09-01 15:34:56-0000 [-] LockHandler on The Evennia Inn: access type 'control' changed from 'control:perm(Immortals)' to 'control:id(#1) or perm(Immortals)' 
LockHandler on The Evennia Inn: access type 'delete' changed from 'delete:perm(Wizards)' to ' delete:id(#1) or perm(Wizards)' 
LockHandler on The Evennia Inn: access type 'edit' changed from 'edit:perm(Wizards)' to ' edit:id(#1) or perm(Wizards)'
2016-09-01 15:34:56-0000 [-] LockHandler on enter: access type 'puppet' changed from 'puppet:pperm(Immortals)' to 'puppet:false()' 
LockHandler on enter: access type 'get' changed from 'get:all()' to 'get:false()'
2016-09-01 15:34:56-0000 [-] LockHandler on enter: access type 'control' changed from 'control:perm(Immortals)' to 'control:id(#1) or perm(Immortals)' 
LockHandler on enter: access type 'delete' changed from 'delete:perm(Wizards)' to ' delete:id(#1) or perm(Wizards)' 
LockHandler on enter: access type 'edit' changed from 'edit:perm(Wizards)' to ' edit:id(#1) or perm(Wizards)'
2016-09-01 15:34:56-0000 [-] LockHandler on leave: access type 'puppet' changed from 'puppet:pperm(Immortals)' to 'puppet:false()' 
LockHandler on leave: access type 'get' changed from 'get:all()' to 'get:false()'
2016-09-01 15:34:56-0000 [-] LockHandler on leave: access type 'control' changed from 'control:perm(Immortals)' to 'control:id(#1) or perm(Immortals)' 
LockHandler on leave: access type 'delete' changed from 'delete:perm(Wizards)' to ' delete:id(#1) or perm(Wizards)' 
LockHandler on leave: access type 'edit' changed from 'edit:perm(Wizards)' to ' edit:id(#1) or perm(Wizards)'
2016-09-01 15:34:56-0000 [-] LockHandler on barrel: access type 'control' changed from 'control:perm(Immortals)' to 'control:id(1)' 
LockHandler on barrel: access type 'delete' changed from 'delete:perm(Wizards)' to 'delete:id(1) or perm(Wizards)'
2016-09-01 15:34:56-0000 [-] LockHandler on barrel: access type 'get' changed from 'get:all()' to 'get:false()'
2016-09-01 15:34:56-0000 [-] LockHandler on The old bridge: access type 'get' changed from 'get:all()' to 'get:false()' 
LockHandler on The old bridge: access type 'puppet' changed from 'puppet:pperm(Immortals)' to 'puppet:false()'
2016-09-01 15:34:56-0000 [-] LockHandler on The old bridge: access type 'view' changed from 'view:all()' to 'view:false()'
2016-09-01 15:34:56-0000 [-] LockHandler on The old bridge: access type 'control' changed from 'control:perm(Immortals)' to 'control:id(#1) or perm(Immortals)' 
LockHandler on The old bridge: access type 'delete' changed from 'delete:perm(Wizards)' to ' delete:id(#1) or perm(Wizards)' 
LockHandler on The old bridge: access type 'edit' changed from 'edit:perm(Wizards)' to ' edit:id(#1) or perm(Wizards)'
2016-09-01 15:34:56-0000 [-] LockHandler on old bridge: access type 'puppet' changed from 'puppet:pperm(Immortals)' to 'puppet:false()' 
LockHandler on old bridge: access type 'get' changed from 'get:all()' to 'get:false()'
2016-09-01 15:34:56-0000 [-] LockHandler on old bridge: access type 'control' changed from 'control:perm(Immortals)' to 'control:id(#1) or perm(Immortals)' 
LockHandler on old bridge: access type 'delete' changed from 'delete:perm(Wizards)' to ' delete:id(#1) or perm(Wizards)' 
LockHandler on old bridge: access type 'edit' changed from 'edit:perm(Wizards)' to ' edit:id(#1) or perm(Wizards)'
2016-09-01 15:34:56-0000 [-] LockHandler on Protruding ledge: access type 'get' changed from 'get:all()' to 'get:false()' 
LockHandler on Protruding ledge: access type 'puppet' changed from 'puppet:pperm(Immortals)' to 'puppet:false()'
2016-09-01 15:34:56-0000 [-] LockHandler on Protruding ledge: access type 'control' changed from 'control:perm(Immortals)' to 'control:id(#1) or perm(Immortals)' 
LockHandler on Protruding ledge: access type 'delete' changed from 'delete:perm(Wizards)' to ' delete:id(#1) or perm(Wizards)' 
LockHandler on Protruding ledge: access type 'edit' changed from 'edit:perm(Wizards)' to ' edit:id(#1) or perm(Wizards)'
2016-09-01 15:34:56-0000 [-] LockHandler on Underground passages: access type 'get' changed from 'get:all()' to 'get:false()' 
LockHandler on Underground passages: access type 'puppet' changed from 'puppet:pperm(Immortals)' to 'puppet:false()'
2016-09-01 15:34:56-0000 [-] LockHandler on Underground passages: access type 'control' changed from 'control:perm(Immortals)' to 'control:id(#1) or perm(Immortals)' 
LockHandler on Underground passages: access type 'delete' changed from 'delete:perm(Wizards)' to ' delete:id(#1) or perm(Wizards)' 
LockHandler on Underground passages: access type 'edit' changed from 'edit:perm(Wizards)' to ' edit:id(#1) or perm(Wizards)'
2016-09-01 15:34:56-0000 [-] LockHandler on hole into cliff: access type 'puppet' changed from 'puppet:pperm(Immortals)' to 'puppet:false()' 
LockHandler on hole into cliff: access type 'get' changed from 'get:all()' to 'get:false()'
2016-09-01 15:34:56-0000 [-] LockHandler on hole into cliff: access type 'control' changed from 'control:perm(Immortals)' to 'control:id(#1) or perm(Immortals)' 
LockHandler on hole into cliff: access type 'delete' changed from 'delete:perm(Wizards)' to ' delete:id(#1) or perm(Wizards)' 
LockHandler on hole into cliff: access type 'edit' changed from 'edit:perm(Wizards)' to ' edit:id(#1) or perm(Wizards)'
2016-09-01 15:34:56-0000 [-] LockHandler on Dark cell: access type 'get' changed from 'get:all()' to 'get:false()' 
LockHandler on Dark cell: access type 'puppet' changed from 'puppet:pperm(Immortals)' to 'puppet:false()'
2016-09-01 15:34:56-0000 [-] LockHandler on Dark cell: access type 'control' changed from 'control:perm(Immortals)' to 'control:id(#1) or perm(Immortals)' 
LockHandler on Dark cell: access type 'delete' changed from 'delete:perm(Wizards)' to ' delete:id(#1) or perm(Wizards)' 
LockHandler on Dark cell: access type 'edit' changed from 'edit:perm(Wizards)' to ' edit:id(#1) or perm(Wizards)'
2016-09-01 15:34:56-0000 [-] LockHandler on Dark cell: access type 'view' changed from 'view:all()' to 'view:all()'
2016-09-01 15:34:56-0000 [-] LockHandler on root-covered wall: access type 'puppet' changed from 'puppet:pperm(Immortals)' to 'puppet:false()' 
LockHandler on root-covered wall: access type 'get' changed from 'get:all()' to 'get:false()'
2016-09-01 15:34:56-0000 [-] LockHandler on root-covered wall: access type 'traverse' changed from 'traverse:all()' to 'traverse:objattr(exit_open)'
2016-09-01 15:34:56-0000 [-] LockHandler on root-covered wall: access type 'control' changed from 'control:perm(Immortals)' to 'control:id(1)' 
LockHandler on root-covered wall: access type 'delete' changed from 'delete:perm(Wizards)' to 'delete:id(1) or perm(Wizards)'
2016-09-01 15:34:56-0000 [-] LockHandler on root-covered wall: access type 'get' changed from 'get:false()' to 'get:false()'
2016-09-01 15:34:56-0000 [-] LockHandler on Dark cell: access type 'view' changed from 'view:all()' to 'view:false()'
2016-09-01 15:34:56-0000 [-] LockHandler on Ruined gatehouse: access type 'get' changed from 'get:all()' to 'get:false()' 
LockHandler on Ruined gatehouse: access type 'puppet' changed from 'puppet:pperm(Immortals)' to 'puppet:false()'
2016-09-01 15:34:56-0000 [-] LockHandler on Ruined gatehouse: access type 'control' changed from 'control:perm(Immortals)' to 'control:id(#1) or perm(Immortals)' 
LockHandler on Ruined gatehouse: access type 'delete' changed from 'delete:perm(Wizards)' to ' delete:id(#1) or perm(Wizards)' 
LockHandler on Ruined gatehouse: access type 'edit' changed from 'edit:perm(Wizards)' to ' edit:id(#1) or perm(Wizards)'
2016-09-01 15:34:56-0000 [-] LockHandler on Bridge over the abyss: access type 'puppet' changed from 'puppet:pperm(Immortals)' to 'puppet:false()' 
LockHandler on Bridge over the abyss: access type 'get' changed from 'get:all()' to 'get:false()'
2016-09-01 15:34:56-0000 [-] LockHandler on Bridge over the abyss: access type 'control' changed from 'control:perm(Immortals)' to 'control:id(#1) or perm(Immortals)' 
LockHandler on Bridge over the abyss: access type 'delete' changed from 'delete:perm(Wizards)' to ' delete:id(#1) or perm(Wizards)' 
LockHandler on Bridge over the abyss: access type 'edit' changed from 'edit:perm(Wizards)' to ' edit:id(#1) or perm(Wizards)'
2016-09-01 15:34:56-0000 [-] LockHandler on Bridge over the abyss: access type 'traverse' changed from 'traverse:all()' to 'traverse:has_player()'
2016-09-01 15:34:56-0000 [-] LockHandler on Along inner wall: access type 'get' changed from 'get:all()' to 'get:false()' 
LockHandler on Along inner wall: access type 'puppet' changed from 'puppet:pperm(Immortals)' to 'puppet:false()'
2016-09-01 15:34:56-0000 [-] LockHandler on Along inner wall: access type 'control' changed from 'control:perm(Immortals)' to 'control:id(#1) or perm(Immortals)' 
LockHandler on Along inner wall: access type 'delete' changed from 'delete:perm(Wizards)' to ' delete:id(#1) or perm(Wizards)' 
LockHandler on Along inner wall: access type 'edit' changed from 'edit:perm(Wizards)' to ' edit:id(#1) or perm(Wizards)'
2016-09-01 15:34:56-0000 [-] LockHandler on Standing archway: access type 'puppet' changed from 'puppet:pperm(Immortals)' to 'puppet:false()' 
LockHandler on Standing archway: access type 'get' changed from 'get:all()' to 'get:false()'
2016-09-01 15:34:56-0000 [-] LockHandler on Standing archway: access type 'control' changed from 'control:perm(Immortals)' to 'control:id(#1) or perm(Immortals)' 
LockHandler on Standing archway: access type 'delete' changed from 'delete:perm(Wizards)' to ' delete:id(#1) or perm(Wizards)' 
LockHandler on Standing archway: access type 'edit' changed from 'edit:perm(Wizards)' to ' edit:id(#1) or perm(Wizards)'
2016-09-01 15:34:56-0000 [-] LockHandler on ruined gatehouse: access type 'puppet' changed from 'puppet:pperm(Immortals)' to 'puppet:false()' 
LockHandler on ruined gatehouse: access type 'get' changed from 'get:all()' to 'get:false()'
2016-09-01 15:34:56-0000 [-] LockHandler on ruined gatehouse: access type 'control' changed from 'control:perm(Immortals)' to 'control:id(#1) or perm(Immortals)' 
LockHandler on ruined gatehouse: access type 'delete' changed from 'delete:perm(Wizards)' to ' delete:id(#1) or perm(Wizards)' 
LockHandler on ruined gatehouse: access type 'edit' changed from 'edit:perm(Wizards)' to ' edit:id(#1) or perm(Wizards)'
2016-09-01 15:34:56-0000 [-] LockHandler on Corner of castle ruins: access type 'get' changed from 'get:all()' to 'get:false()' 
LockHandler on Corner of castle ruins: access type 'puppet' changed from 'puppet:pperm(Immortals)' to 'puppet:false()'
2016-09-01 15:34:56-0000 [-] LockHandler on Corner of castle ruins: access type 'control' changed from 'control:perm(Immortals)' to 'control:id(#1) or perm(Immortals)' 
LockHandler on Corner of castle ruins: access type 'delete' changed from 'delete:perm(Wizards)' to ' delete:id(#1) or perm(Wizards)' 
LockHandler on Corner of castle ruins: access type 'edit' changed from 'edit:perm(Wizards)' to ' edit:id(#1) or perm(Wizards)'
2016-09-01 15:34:56-0000 [-] LockHandler on castle corner: access type 'puppet' changed from 'puppet:pperm(Immortals)' to 'puppet:false()' 
LockHandler on castle corner: access type 'get' changed from 'get:all()' to 'get:false()'
2016-09-01 15:34:56-0000 [-] LockHandler on castle corner: access type 'control' changed from 'control:perm(Immortals)' to 'control:id(#1) or perm(Immortals)' 
LockHandler on castle corner: access type 'delete' changed from 'delete:perm(Wizards)' to ' delete:id(#1) or perm(Wizards)' 
LockHandler on castle corner: access type 'edit' changed from 'edit:perm(Wizards)' to ' edit:id(#1) or perm(Wizards)'
2016-09-01 15:34:56-0000 [-] LockHandler on gatehouse: access type 'puppet' changed from 'puppet:pperm(Immortals)' to 'puppet:false()' 
LockHandler on gatehouse: access type 'get' changed from 'get:all()' to 'get:false()'
2016-09-01 15:34:56-0000 [-] LockHandler on gatehouse: access type 'control' changed from 'control:perm(Immortals)' to 'control:id(#1) or perm(Immortals)' 
LockHandler on gatehouse: access type 'delete' changed from 'delete:perm(Wizards)' to ' delete:id(#1) or perm(Wizards)' 
LockHandler on gatehouse: access type 'edit' changed from 'edit:perm(Wizards)' to ' edit:id(#1) or perm(Wizards)'
2016-09-01 15:34:56-0000 [-] LockHandler on obelisk: access type 'get' changed from 'get:all()' to 'get:false()'
2016-09-01 15:34:56-0000 [-] LockHandler on obelisk: access type 'control' changed from 'control:perm(Immortals)' to 'control:id(1)' 
LockHandler on obelisk: access type 'delete' changed from 'delete:perm(Wizards)' to 'delete:id(1) or perm(Wizards)'
2016-09-01 15:34:56-0000 [-] LockHandler on obelisk: access type 'get' changed from 'get:false()' to 'get:false()'
2016-09-01 15:34:56-0000 [-] LockHandler on Ghostly apparition: access type 'control' changed from 'control:perm(Immortals)' to 'control:id(1)' 
LockHandler on Ghostly apparition: access type 'delete' changed from 'delete:perm(Wizards)' to 'delete:id(1) or perm(Wizards)'
2016-09-01 15:34:56-0000 [-] LockHandler on Ghostly apparition: access type 'get' changed from 'get:all()' to 'get:false()'
2016-09-01 15:34:56-0000 [-] LockHandler on foggy tentacles: access type 'control' changed from 'control:perm(Immortals)' to 'control:id(1)' 
LockHandler on foggy tentacles: access type 'delete' changed from 'delete:perm(Wizards)' to 'delete:id(1) or perm(Wizards)'
2016-09-01 15:34:56-0000 [-] LockHandler on Overgrown courtyard: access type 'get' changed from 'get:all()' to 'get:false()' 
LockHandler on Overgrown courtyard: access type 'puppet' changed from 'puppet:pperm(Immortals)' to 'puppet:false()'
2016-09-01 15:34:56-0000 [-] LockHandler on Overgrown courtyard: access type 'control' changed from 'control:perm(Immortals)' to 'control:id(#1) or perm(Immortals)' 
LockHandler on Overgrown courtyard: access type 'delete' changed from 'delete:perm(Wizards)' to ' delete:id(#1) or perm(Wizards)' 
LockHandler on Overgrown courtyard: access type 'edit' changed from 'edit:perm(Wizards)' to ' edit:id(#1) or perm(Wizards)'
2016-09-01 15:34:56-0000 [-] LockHandler on courtyard: access type 'puppet' changed from 'puppet:pperm(Immortals)' to 'puppet:false()' 
LockHandler on courtyard: access type 'get' changed from 'get:all()' to 'get:false()'
2016-09-01 15:34:56-0000 [-] LockHandler on courtyard: access type 'control' changed from 'control:perm(Immortals)' to 'control:id(#1) or perm(Immortals)' 
LockHandler on courtyard: access type 'delete' changed from 'delete:perm(Wizards)' to ' delete:id(#1) or perm(Wizards)' 
LockHandler on courtyard: access type 'edit' changed from 'edit:perm(Wizards)' to ' edit:id(#1) or perm(Wizards)'
2016-09-01 15:34:56-0000 [-] LockHandler on castle corner: access type 'puppet' changed from 'puppet:pperm(Immortals)' to 'puppet:false()' 
LockHandler on castle corner: access type 'get' changed from 'get:all()' to 'get:false()'
2016-09-01 15:34:56-0000 [-] LockHandler on castle corner: access type 'control' changed from 'control:perm(Immortals)' to 'control:id(#1) or perm(Immortals)' 
LockHandler on castle corner: access type 'delete' changed from 'delete:perm(Wizards)' to ' delete:id(#1) or perm(Wizards)' 
LockHandler on castle corner: access type 'edit' changed from 'edit:perm(Wizards)' to ' edit:id(#1) or perm(Wizards)'
2016-09-01 15:34:56-0000 [-] LockHandler on along inner wall: access type 'puppet' changed from 'puppet:pperm(Immortals)' to 'puppet:false()' 
LockHandler on along inner wall: access type 'get' changed from 'get:all()' to 'get:false()'
2016-09-01 15:34:57-0000 [-] LockHandler on overgrown courtyard: access type 'puppet' changed from 'puppet:pperm(Immortals)' to 'puppet:false()' 
LockHandler on overgrown courtyard: access type 'get' changed from 'get:all()' to 'get:false()'
2016-09-01 15:34:57-0000 [-] LockHandler on The ruined temple: access type 'get' changed from 'get:all()' to 'get:false()' 
LockHandler on The ruined temple: access type 'puppet' changed from 'puppet:pperm(Immortals)' to 'puppet:false()'
2016-09-01 15:34:57-0000 [-] LockHandler on The ruined temple: access type 'control' changed from 'control:perm(Immortals)' to 'control:id(#1) or perm(Immortals)' 
LockHandler on The ruined temple: access type 'delete' changed from 'delete:perm(Wizards)' to ' delete:id(#1) or perm(Wizards)' 
LockHandler on The ruined temple: access type 'edit' changed from 'edit:perm(Wizards)' to ' edit:id(#1) or perm(Wizards)'
2016-09-01 15:34:57-0000 [-] LockHandler on ruined temple: access type 'puppet' changed from 'puppet:pperm(Immortals)' to 'puppet:false()' 
LockHandler on ruined temple: access type 'get' changed from 'get:all()' to 'get:false()'
2016-09-01 15:34:57-0000 [-] LockHandler on ruined temple: access type 'control' changed from 'control:perm(Immortals)' to 'control:id(#1) or perm(Immortals)' 
LockHandler on ruined temple: access type 'delete' changed from 'delete:perm(Wizards)' to ' delete:id(#1) or perm(Wizards)' 
LockHandler on ruined temple: access type 'edit' changed from 'edit:perm(Wizards)' to ' edit:id(#1) or perm(Wizards)'
2016-09-01 15:34:57-0000 [-] LockHandler on overgrown courtyard: access type 'puppet' changed from 'puppet:pperm(Immortals)' to 'puppet:false()' 
LockHandler on overgrown courtyard: access type 'get' changed from 'get:all()' to 'get:false()'
2016-09-01 15:34:57-0000 [-] LockHandler on overgrown courtyard: access type 'control' changed from 'control:perm(Immortals)' to 'control:id(#1) or perm(Immortals)' 
LockHandler on overgrown courtyard: access type 'delete' changed from 'delete:perm(Wizards)' to ' delete:id(#1) or perm(Wizards)' 
LockHandler on overgrown courtyard: access type 'edit' changed from 'edit:perm(Wizards)' to ' edit:id(#1) or perm(Wizards)'
2016-09-01 15:34:57-0000 [-] LockHandler on Antechamber: access type 'get' changed from 'get:all()' to 'get:false()' 
LockHandler on Antechamber: access type 'puppet' changed from 'puppet:pperm(Immortals)' to 'puppet:false()'
2016-09-01 15:34:57-0000 [-] LockHandler on Antechamber: access type 'control' changed from 'control:perm(Immortals)' to 'control:id(#1) or perm(Immortals)' 
LockHandler on Antechamber: access type 'delete' changed from 'delete:perm(Wizards)' to ' delete:id(#1) or perm(Wizards)' 
LockHandler on Antechamber: access type 'edit' changed from 'edit:perm(Wizards)' to ' edit:id(#1) or perm(Wizards)'
2016-09-01 15:34:57-0000 [-] LockHandler on stairs down: access type 'puppet' changed from 'puppet:pperm(Immortals)' to 'puppet:false()' 
LockHandler on stairs down: access type 'get' changed from 'get:all()' to 'get:false()'
2016-09-01 15:34:57-0000 [-] LockHandler on stairs down: access type 'control' changed from 'control:perm(Immortals)' to 'control:id(#1) or perm(Immortals)' 
LockHandler on stairs down: access type 'delete' changed from 'delete:perm(Wizards)' to ' delete:id(#1) or perm(Wizards)' 
LockHandler on stairs down: access type 'edit' changed from 'edit:perm(Wizards)' to ' edit:id(#1) or perm(Wizards)'
2016-09-01 15:34:57-0000 [-] LockHandler on up the stairs to ruined temple: access type 'puppet' changed from 'puppet:pperm(Immortals)' to 'puppet:false()' 
LockHandler on up the stairs to ruined temple: access type 'get' changed from 'get:all()' to 'get:false()'
2016-09-01 15:34:57-0000 [-] LockHandler on up the stairs to ruined temple: access type 'control' changed from 'control:perm(Immortals)' to 'control:id(#1) or perm(Immortals)' 
LockHandler on up the stairs to ruined temple: access type 'delete' changed from 'delete:perm(Wizards)' to ' delete:id(#1) or perm(Wizards)' 
LockHandler on up the stairs to ruined temple: access type 'edit' changed from 'edit:perm(Wizards)' to ' edit:id(#1) or perm(Wizards)'
2016-09-01 15:34:57-0000 [-] LockHandler on stairs down: access type 'traverse' changed from 'traverse:all()' to 'traverse:has_player()'
2016-09-01 15:34:57-0000 [-] LockHandler on Blue bird tomb: access type 'get' changed from 'get:all()' to 'get:false()' 
LockHandler on Blue bird tomb: access type 'puppet' changed from 'puppet:pperm(Immortals)' to 'puppet:false()'
2016-09-01 15:34:57-0000 [-] LockHandler on Blue bird tomb: access type 'control' changed from 'control:perm(Immortals)' to 'control:id(#1) or perm(Immortals)' 
LockHandler on Blue bird tomb: access type 'delete' changed from 'delete:perm(Wizards)' to ' delete:id(#1) or perm(Wizards)' 
LockHandler on Blue bird tomb: access type 'edit' changed from 'edit:perm(Wizards)' to ' edit:id(#1) or perm(Wizards)'
2016-09-01 15:34:57-0000 [-] LockHandler on Blue bird tomb: access type 'puppet' changed from 'puppet:pperm(Immortals)' to 'puppet:false()' 
LockHandler on Blue bird tomb: access type 'get' changed from 'get:all()' to 'get:false()'
2016-09-01 15:34:57-0000 [-] LockHandler on Blue bird tomb: access type 'control' changed from 'control:perm(Immortals)' to 'control:id(#1) or perm(Immortals)' 
LockHandler on Blue bird tomb: access type 'delete' changed from 'delete:perm(Wizards)' to ' delete:id(#1) or perm(Wizards)' 
LockHandler on Blue bird tomb: access type 'edit' changed from 'edit:perm(Wizards)' to ' edit:id(#1) or perm(Wizards)'
2016-09-01 15:34:57-0000 [-] LockHandler on Tomb of woman on horse: access type 'get' changed from 'get:all()' to 'get:false()' 
LockHandler on Tomb of woman on horse: access type 'puppet' changed from 'puppet:pperm(Immortals)' to 'puppet:false()'
2016-09-01 15:34:57-0000 [-] LockHandler on Tomb of woman on horse: access type 'control' changed from 'control:perm(Immortals)' to 'control:id(#1) or perm(Immortals)' 
LockHandler on Tomb of woman on horse: access type 'delete' changed from 'delete:perm(Wizards)' to ' delete:id(#1) or perm(Wizards)' 
LockHandler on Tomb of woman on horse: access type 'edit' changed from 'edit:perm(Wizards)' to ' edit:id(#1) or perm(Wizards)'
2016-09-01 15:34:57-0000 [-] LockHandler on Tomb of woman on horse: access type 'puppet' changed from 'puppet:pperm(Immortals)' to 'puppet:false()' 
LockHandler on Tomb of woman on horse: access type 'get' changed from 'get:all()' to 'get:false()'
2016-09-01 15:34:57-0000 [-] LockHandler on Tomb of woman on horse: access type 'control' changed from 'control:perm(Immortals)' to 'control:id(#1) or perm(Immortals)' 
LockHandler on Tomb of woman on horse: access type 'delete' changed from 'delete:perm(Wizards)' to ' delete:id(#1) or perm(Wizards)' 
LockHandler on Tomb of woman on horse: access type 'edit' changed from 'edit:perm(Wizards)' to ' edit:id(#1) or perm(Wizards)'
2016-09-01 15:34:57-0000 [-] LockHandler on Tomb of the crowned queen: access type 'get' changed from 'get:all()' to 'get:false()' 
LockHandler on Tomb of the crowned queen: access type 'puppet' changed from 'puppet:pperm(Immortals)' to 'puppet:false()'
2016-09-01 15:34:57-0000 [-] LockHandler on Tomb of the crowned queen: access type 'control' changed from 'control:perm(Immortals)' to 'control:id(#1) or perm(Immortals)' 
LockHandler on Tomb of the crowned queen: access type 'delete' changed from 'delete:perm(Wizards)' to ' delete:id(#1) or perm(Wizards)' 
LockHandler on Tomb of the crowned queen: access type 'edit' changed from 'edit:perm(Wizards)' to ' edit:id(#1) or perm(Wizards)'
2016-09-01 15:34:57-0000 [-] LockHandler on Tomb of the crowned queen: access type 'puppet' changed from 'puppet:pperm(Immortals)' to 'puppet:false()' 
LockHandler on Tomb of the crowned queen: access type 'get' changed from 'get:all()' to 'get:false()'
2016-09-01 15:34:57-0000 [-] LockHandler on Tomb of the crowned queen: access type 'control' changed from 'control:perm(Immortals)' to 'control:id(#1) or perm(Immortals)' 
LockHandler on Tomb of the crowned queen: access type 'delete' changed from 'delete:perm(Wizards)' to ' delete:id(#1) or perm(Wizards)' 
LockHandler on Tomb of the crowned queen: access type 'edit' changed from 'edit:perm(Wizards)' to ' edit:id(#1) or perm(Wizards)'
2016-09-01 15:34:57-0000 [-] LockHandler on Tomb of the shield: access type 'get' changed from 'get:all()' to 'get:false()' 
LockHandler on Tomb of the shield: access type 'puppet' changed from 'puppet:pperm(Immortals)' to 'puppet:false()'
2016-09-01 15:34:57-0000 [-] LockHandler on Tomb of the shield: access type 'control' changed from 'control:perm(Immortals)' to 'control:id(#1) or perm(Immortals)' 
LockHandler on Tomb of the shield: access type 'delete' changed from 'delete:perm(Wizards)' to ' delete:id(#1) or perm(Wizards)' 
LockHandler on Tomb of the shield: access type 'edit' changed from 'edit:perm(Wizards)' to ' edit:id(#1) or perm(Wizards)'
2016-09-01 15:34:57-0000 [-] LockHandler on Tomb of the shield: access type 'puppet' changed from 'puppet:pperm(Immortals)' to 'puppet:false()' 
LockHandler on Tomb of the shield: access type 'get' changed from 'get:all()' to 'get:false()'
2016-09-01 15:34:57-0000 [-] LockHandler on Tomb of the shield: access type 'control' changed from 'control:perm(Immortals)' to 'control:id(#1) or perm(Immortals)' 
LockHandler on Tomb of the shield: access type 'delete' changed from 'delete:perm(Wizards)' to ' delete:id(#1) or perm(Wizards)' 
LockHandler on Tomb of the shield: access type 'edit' changed from 'edit:perm(Wizards)' to ' edit:id(#1) or perm(Wizards)'
2016-09-01 15:34:57-0000 [-] LockHandler on Tomb of the hero: access type 'get' changed from 'get:all()' to 'get:false()' 
LockHandler on Tomb of the hero: access type 'puppet' changed from 'puppet:pperm(Immortals)' to 'puppet:false()'
2016-09-01 15:34:57-0000 [-] LockHandler on Tomb of the hero: access type 'control' changed from 'control:perm(Immortals)' to 'control:id(#1) or perm(Immortals)' 
LockHandler on Tomb of the hero: access type 'delete' changed from 'delete:perm(Wizards)' to ' delete:id(#1) or perm(Wizards)' 
LockHandler on Tomb of the hero: access type 'edit' changed from 'edit:perm(Wizards)' to ' edit:id(#1) or perm(Wizards)'
2016-09-01 15:34:57-0000 [-] LockHandler on Tomb of the hero: access type 'puppet' changed from 'puppet:pperm(Immortals)' to 'puppet:false()' 
LockHandler on Tomb of the hero: access type 'get' changed from 'get:all()' to 'get:false()'
2016-09-01 15:34:57-0000 [-] LockHandler on Tomb of the hero: access type 'control' changed from 'control:perm(Immortals)' to 'control:id(#1) or perm(Immortals)' 
LockHandler on Tomb of the hero: access type 'delete' changed from 'delete:perm(Wizards)' to ' delete:id(#1) or perm(Wizards)' 
LockHandler on Tomb of the hero: access type 'edit' changed from 'edit:perm(Wizards)' to ' edit:id(#1) or perm(Wizards)'
2016-09-01 15:34:57-0000 [-] LockHandler on Ancient tomb: access type 'get' changed from 'get:all()' to 'get:false()' 
LockHandler on Ancient tomb: access type 'puppet' changed from 'puppet:pperm(Immortals)' to 'puppet:false()'
2016-09-01 15:34:57-0000 [-] LockHandler on Ancient tomb: access type 'control' changed from 'control:perm(Immortals)' to 'control:id(#1) or perm(Immortals)' 
LockHandler on Ancient tomb: access type 'delete' changed from 'delete:perm(Wizards)' to ' delete:id(#1) or perm(Wizards)' 
LockHandler on Ancient tomb: access type 'edit' changed from 'edit:perm(Wizards)' to ' edit:id(#1) or perm(Wizards)'
2016-09-01 15:34:57-0000 [-] LockHandler on back to antechamber: access type 'puppet' changed from 'puppet:pperm(Immortals)' to 'puppet:false()' 
LockHandler on back to antechamber: access type 'get' changed from 'get:all()' to 'get:false()'
2016-09-01 15:34:57-0000 [-] LockHandler on back to antechamber: access type 'control' changed from 'control:perm(Immortals)' to 'control:id(#1) or perm(Immortals)' 
LockHandler on back to antechamber: access type 'delete' changed from 'delete:perm(Wizards)' to ' delete:id(#1) or perm(Wizards)' 
LockHandler on back to antechamber: access type 'edit' changed from 'edit:perm(Wizards)' to ' edit:id(#1) or perm(Wizards)'
2016-09-01 15:34:57-0000 [-] LockHandler on Stone sarcophagus: access type 'control' changed from 'control:perm(Immortals)' to 'control:id(1)' 
LockHandler on Stone sarcophagus: access type 'delete' changed from 'delete:perm(Wizards)' to 'delete:id(1) or perm(Wizards)'
2016-09-01 15:34:57-0000 [-] LockHandler on End of tutorial: access type 'get' changed from 'get:all()' to 'get:false()' 
LockHandler on End of tutorial: access type 'puppet' changed from 'puppet:pperm(Immortals)' to 'puppet:false()'
2016-09-01 15:34:57-0000 [-] LockHandler on End of tutorial: access type 'control' changed from 'control:perm(Immortals)' to 'control:id(#1) or perm(Immortals)' 
LockHandler on End of tutorial: access type 'delete' changed from 'delete:perm(Wizards)' to ' delete:id(#1) or perm(Wizards)' 
LockHandler on End of tutorial: access type 'edit' changed from 'edit:perm(Wizards)' to ' edit:id(#1) or perm(Wizards)'
2016-09-01 15:34:57-0000 [-] LockHandler on Exit tutorial: access type 'puppet' changed from 'puppet:pperm(Immortals)' to 'puppet:false()' 
LockHandler on Exit tutorial: access type 'get' changed from 'get:all()' to 'get:false()'
2016-09-01 15:34:57-0000 [-] LockHandler on Exit tutorial: access type 'control' changed from 'control:perm(Immortals)' to 'control:id(#1) or perm(Immortals)' 
LockHandler on Exit tutorial: access type 'delete' changed from 'delete:perm(Wizards)' to ' delete:id(#1) or perm(Wizards)' 
LockHandler on Exit tutorial: access type 'edit' changed from 'edit:perm(Wizards)' to ' edit:id(#1) or perm(Wizards)'
2016-09-01 15:34:57-0000 [-] LockHandler on Exit tutorial: access type 'view' changed from 'view:all()' to 'view:holds(rack_sarcophagus) ' 
LockHandler on Exit tutorial: access type 'traverse' changed from 'traverse:all()' to ' traverse:holds(rack_sarcophagus)'
2016-09-01 15:34:57-0000 [-] LockHandler on exit back to Limbo: access type 'puppet' changed from 'puppet:pperm(Immortals)' to 'puppet:false()' 
LockHandler on exit back to Limbo: access type 'get' changed from 'get:all()' to 'get:false()'
2016-09-07 02:47:57-0000 [-] LockHandler on Dark cell: access type 'view' changed from 'view:false()' to 'view:false()'
2016-09-07 02:47:57-0000 [-] LockHandler on Dark cell: access type 'view' changed from 'view:false()' to 'view:false()'
2016-09-08 03:35:29-0000 [-] LockHandler on zk1: access type 'get' changed from 'get:all()' to 'get:false()' 
LockHandler on zk1: access type 'puppet' changed from 'puppet:pperm(Immortals)' to 'puppet:false()'
2016-09-08 03:35:29-0000 [-] LockHandler on zk1: access type 'control' changed from 'control:perm(Immortals)' to 'control:id(#1) or perm(Immortals)' 
LockHandler on zk1: access type 'delete' changed from 'delete:perm(Wizards)' to ' delete:id(#1) or perm(Wizards)' 
LockHandler on zk1: access type 'edit' changed from 'edit:perm(Wizards)' to ' edit:id(#1) or perm(Wizards)'
2016-09-08 03:36:16-0000 [-] LockHandler on zk01: access type 'puppet' changed from 'puppet:pperm(Immortals)' to 'puppet:false()' 
LockHandler on zk01: access type 'get' changed from 'get:all()' to 'get:false()'
2016-09-08 03:40:39-0000 [-] LockHandler on 山海经: access type 'get' changed from 'get:all()' to 'get:false()' 
LockHandler on 山海经: access type 'puppet' changed from 'puppet:pperm(Immortals)' to 'puppet:false()'
2016-09-08 03:40:39-0000 [-] LockHandler on 山海经: access type 'control' changed from 'control:perm(Immortals)' to 'control:id(#1) or perm(Immortals)' 
LockHandler on 山海经: access type 'delete' changed from 'delete:perm(Wizards)' to ' delete:id(#1) or perm(Wizards)' 
LockHandler on 山海经: access type 'edit' changed from 'edit:perm(Wizards)' to ' edit:id(#1) or perm(Wizards)'
2016-09-08 03:42:01-0000 [-] LockHandler on 山海经之门: access type 'puppet' changed from 'puppet:pperm(Immortals)' to 'puppet:false()' 
LockHandler on 山海经之门: access type 'get' changed from 'get:all()' to 'get:false()'
2016-09-08 08:25:44-0000 [-] LockHandler on 山海经之门: access type 'puppet' changed from 'puppet:pperm(Immortals)' to 'puppet:false()' 
LockHandler on 山海经之门: access type 'get' changed from 'get:all()' to 'get:false()'
2016-09-08 08:52:30-0000 [-] LockHandler on 离开游戏: access type 'get' changed from 'get:all()' to 'get:false()' 
LockHandler on 离开游戏: access type 'puppet' changed from 'puppet:pperm(Immortals)' to 'puppet:false()'
2016-09-08 08:52:30-0000 [-] LockHandler on 离开游戏: access type 'control' changed from 'control:perm(Immortals)' to 'control:id(#1) or perm(Immortals)' 
LockHandler on 离开游戏: access type 'delete' changed from 'delete:perm(Wizards)' to ' delete:id(#1) or perm(Wizards)' 
LockHandler on 离开游戏: access type 'edit' changed from 'edit:perm(Wizards)' to ' edit:id(#1) or perm(Wizards)'
2016-09-08 08:52:30-0000 [-] LockHandler on 离开游戏: access type 'puppet' changed from 'puppet:pperm(Immortals)' to 'puppet:false()' 
LockHandler on 离开游戏: access type 'get' changed from 'get:all()' to 'get:false()'
2016-09-08 08:52:30-0000 [-] LockHandler on 离开游戏: access type 'control' changed from 'control:perm(Immortals)' to 'control:id(#1) or perm(Immortals)' 
LockHandler on 离开游戏: access type 'delete' changed from 'delete:perm(Wizards)' to ' delete:id(#1) or perm(Wizards)' 
LockHandler on 离开游戏: access type 'edit' changed from 'edit:perm(Wizards)' to ' edit:id(#1) or perm(Wizards)'
2016-09-08 08:52:30-0000 [-] LockHandler on 重新开始: access type 'puppet' changed from 'puppet:pperm(Immortals)' to 'puppet:false()' 
LockHandler on 重新开始: access type 'get' changed from 'get:all()' to 'get:false()'
2016-09-08 08:52:30-0000 [-] LockHandler on 重新开始: access type 'control' changed from 'control:perm(Immortals)' to 'control:id(#1) or perm(Immortals)' 
LockHandler on 重新开始: access type 'delete' changed from 'delete:perm(Wizards)' to ' delete:id(#1) or perm(Wizards)' 
LockHandler on 重新开始: access type 'edit' changed from 'edit:perm(Wizards)' to ' edit:id(#1) or perm(Wizards)'
2016-09-08 08:56:49-0000 [-] LockHandler on 退出: access type 'puppet' changed from 'puppet:pperm(Immortals)' to 'puppet:false()' 
LockHandler on 退出: access type 'get' changed from 'get:all()' to 'get:false()'
2016-09-11 03:47:38-0000 [-] LockHandler on 稡蕏山: access type 'get' changed from 'get:all()' to 'get:false()' 
LockHandler on 稡蕏山: access type 'puppet' changed from 'puppet:pperm(Immortals)' to 'puppet:false()'
2016-09-11 03:47:38-0000 [-] LockHandler on 稡蕏山: access type 'control' changed from 'control:perm(Immortals)' to 'control:id(#1) or perm(Immortals)' 
LockHandler on 稡蕏山: access type 'delete' changed from 'delete:perm(Wizards)' to ' delete:id(#1) or perm(Wizards)' 
LockHandler on 稡蕏山: access type 'edit' changed from 'edit:perm(Wizards)' to ' edit:id(#1) or perm(Wizards)'
2016-09-11 03:47:38-0000 [-] LockHandler on xzs: access type 'puppet' changed from 'puppet:pperm(Immortals)' to 'puppet:false()' 
LockHandler on xzs: access type 'get' changed from 'get:all()' to 'get:false()'
2016-09-11 03:47:38-0000 [-] LockHandler on xzs: access type 'control' changed from 'control:perm(Immortals)' to 'control:id(#1) or perm(Immortals)' 
LockHandler on xzs: access type 'delete' changed from 'delete:perm(Wizards)' to ' delete:id(#1) or perm(Wizards)' 
LockHandler on xzs: access type 'edit' changed from 'edit:perm(Wizards)' to ' edit:id(#1) or perm(Wizards)'
2016-09-11 03:55:11-0000 [-] LockHandler on zhaok: access type 'get' changed from 'get:all()' to 'get:false()' 
LockHandler on zhaok: access type 'call' changed from 'call:true()' to 'call:false()'
2016-09-11 03:55:11-0000 [-] LockHandler on zhaok: access type 'puppet' changed from 'puppet:pperm(Immortals)' to 'puppet:id(79) or pid(2) or perm(Immortals) or pperm(Immortals)'
2016-09-11 10:57:55-0000 [-] LockHandler on John: access type 'control' changed from 'control:perm(Immortals)' to 'control:id(1)' 
LockHandler on John: access type 'delete' changed from 'delete:perm(Wizards)' to 'delete:id(1) or perm(Wizards)'
2016-09-11 10:58:49-0000 [-] LockHandler on zhu: access type 'control' changed from 'control:perm(Immortals)' to 'control:id(1)' 
LockHandler on zhu: access type 'delete' changed from 'delete:perm(Wizards)' to 'delete:id(1) or perm(Wizards)'
2016-09-12 02:56:11-0000 [-] LockHandler on wolfzk: access type 'control' changed from 'control:perm(Immortals)' to 'control:perm(Immortals)' 
LockHandler on wolfzk: access type 'examine' changed from 'examine:perm(Immortals)' to 'examine:perm(Builders)' 
LockHandler on wolfzk: access type 'view' changed from 'view:all()' to 'view:all()' 
LockHandler on wolfzk: access type 'edit' changed from 'edit:false()' to 'edit:perm(Wizards)' 
LockHandler on wolfzk: access type 'delete' changed from 'delete:false()' to 'delete:perm(Wizards)' 
LockHandler on wolfzk: access type 'get' changed from 'get:false()' to 'get:all()' 
LockHandler on wolfzk: access type 'call' changed from 'call:false()' to 'call:true()' 
LockHandler on wolfzk: access type 'tell' changed from 'tell:perm(Wizards)' to 'tell:perm(Wizards)' 
LockHandler on wolfzk: access type 'puppet' changed from 'puppet:false()' to 'puppet:pperm(Immortals)'
2016-09-12 02:56:11-0000 [-] LockHandler on wolfzk: access type 'get' changed from 'get:all()' to 'get:false()' 
LockHandler on wolfzk: access type 'call' changed from 'call:true()' to 'call:false()'
2016-09-12 03:10:00-0000 [-] LockHandler on chargen: access type 'get' changed from 'get:all()' to 'get:false()' 
LockHandler on chargen: access type 'puppet' changed from 'puppet:pperm(Immortals)' to 'puppet:false()'
2016-09-12 03:10:00-0000 [-] LockHandler on chargen: access type 'control' changed from 'control:perm(Immortals)' to 'control:id(#1) or perm(Immortals)' 
LockHandler on chargen: access type 'delete' changed from 'delete:perm(Wizards)' to ' delete:id(#1) or perm(Wizards)' 
LockHandler on chargen: access type 'edit' changed from 'edit:perm(Wizards)' to ' edit:id(#1) or perm(Wizards)'
2016-09-12 03:10:00-0000 [-] LockHandler on chargen: access type 'puppet' changed from 'puppet:pperm(Immortals)' to 'puppet:false()' 
LockHandler on chargen: access type 'get' changed from 'get:all()' to 'get:false()'
2016-09-12 03:10:00-0000 [-] LockHandler on chargen: access type 'control' changed from 'control:perm(Immortals)' to 'control:id(#1) or perm(Immortals)' 
LockHandler on chargen: access type 'delete' changed from 'delete:perm(Wizards)' to ' delete:id(#1) or perm(Wizards)' 
LockHandler on chargen: access type 'edit' changed from 'edit:perm(Wizards)' to ' edit:id(#1) or perm(Wizards)'
2016-09-12 03:10:00-0000 [-] LockHandler on finish: access type 'puppet' changed from 'puppet:pperm(Immortals)' to 'puppet:false()' 
LockHandler on finish: access type 'get' changed from 'get:all()' to 'get:false()'
2016-09-12 03:10:00-0000 [-] LockHandler on finish: access type 'control' changed from 'control:perm(Immortals)' to 'control:id(#1) or perm(Immortals)' 
LockHandler on finish: access type 'delete' changed from 'delete:perm(Wizards)' to ' delete:id(#1) or perm(Wizards)' 
LockHandler on finish: access type 'edit' changed from 'edit:perm(Wizards)' to ' edit:id(#1) or perm(Wizards)'
2016-09-12 14:27:57-0000 [-] LockHandler on Anna: access type 'get' changed from 'get:all()' to 'get:false()' 
LockHandler on Anna: access type 'call' changed from 'call:true()' to 'call:false()'
2016-09-12 14:27:57-0000 [-] LockHandler on Anna: access type 'edit' changed from 'edit:perm(Wizards)' to 'edit:id(1) and perm(Builders)' 
LockHandler on Anna: access type 'call' changed from 'call:false()' to 'call:false()'
2016-09-12 14:40:46-0000 [-] LockHandler on Anna: access type 'get' changed from 'get:all()' to 'get:false()' 
LockHandler on Anna: access type 'call' changed from 'call:true()' to 'call:false()'
2016-09-12 14:40:46-0000 [-] LockHandler on Anna: access type 'edit' changed from 'edit:perm(Wizards)' to 'edit:id(1) and perm(Builders)' 
LockHandler on Anna: access type 'call' changed from 'call:false()' to 'call:false()'
2016-09-12 14:40:59-0000 [-] LockHandler on Pig: access type 'get' changed from 'get:all()' to 'get:false()' 
LockHandler on Pig: access type 'call' changed from 'call:true()' to 'call:false()'
2016-09-12 14:40:59-0000 [-] LockHandler on Pig: access type 'edit' changed from 'edit:perm(Wizards)' to 'edit:id(1) and perm(Builders)' 
LockHandler on Pig: access type 'call' changed from 'call:false()' to 'call:false()'
2016-09-13 01:23:06-0000 [-] LockHandler on 郑: access type 'get' changed from 'get:all()' to 'get:false()' 
LockHandler on 郑: access type 'call' changed from 'call:true()' to 'call:false()'
2016-09-13 01:23:06-0000 [-] LockHandler on 郑: access type 'edit' changed from 'edit:perm(Wizards)' to 'edit:id(1) and perm(Builders)' 
LockHandler on 郑: access type 'call' changed from 'call:false()' to 'call:false()'